2024-11-09T22:22:04.202+05:30  INFO 79896 --- [LearningManagementSystem] [restartedMain] com.incture.lms.LmsApplication           : Starting LmsApplication using Java 22.0.1 with PID 79896 (C:\Users\KIIT\eclipse-workspace-ee\LearningManagementSystem\target\classes started by KIIT in C:\Users\KIIT\eclipse-workspace-ee\LearningManagementSystem)
2024-11-09T22:22:04.203+05:30 DEBUG 79896 --- [LearningManagementSystem] [restartedMain] com.incture.lms.LmsApplication           : Running with Spring Boot v3.3.5, Spring v6.1.14
2024-11-09T22:22:04.203+05:30  INFO 79896 --- [LearningManagementSystem] [restartedMain] com.incture.lms.LmsApplication           : No active profile set, falling back to 1 default profile: "default"
2024-11-09T22:22:05.181+05:30  INFO 79896 --- [LearningManagementSystem] [restartedMain] .s.d.r.c.RepositoryConfigurationDelegate : Bootstrapping Spring Data JPA repositories in DEFAULT mode.
2024-11-09T22:22:05.203+05:30  INFO 79896 --- [LearningManagementSystem] [restartedMain] .s.d.r.c.RepositoryConfigurationDelegate : Finished Spring Data repository scanning in 22 ms. Found 5 JPA repository interfaces.
2024-11-09T22:22:05.481+05:30  INFO 79896 --- [LearningManagementSystem] [restartedMain] o.s.b.w.embedded.tomcat.TomcatWebServer  : Tomcat initialized with port 8080 (http)
2024-11-09T22:22:05.485+05:30  INFO 79896 --- [LearningManagementSystem] [restartedMain] o.apache.catalina.core.StandardService   : Starting service [Tomcat]
2024-11-09T22:22:05.486+05:30  INFO 79896 --- [LearningManagementSystem] [restartedMain] o.apache.catalina.core.StandardEngine    : Starting Servlet engine: [Apache Tomcat/10.1.31]
2024-11-09T22:22:05.513+05:30  INFO 79896 --- [LearningManagementSystem] [restartedMain] o.a.c.c.C.[Tomcat].[localhost].[/]       : Initializing Spring embedded WebApplicationContext
2024-11-09T22:22:05.514+05:30  INFO 79896 --- [LearningManagementSystem] [restartedMain] w.s.c.ServletWebServerApplicationContext : Root WebApplicationContext: initialization completed in 1305 ms
2024-11-09T22:22:05.943+05:30  INFO 79896 --- [LearningManagementSystem] [restartedMain] o.s.o.j.p.SpringPersistenceUnitInfo      : No LoadTimeWeaver setup: ignoring JPA class transformer
2024-11-09T22:22:05.946+05:30  INFO 79896 --- [LearningManagementSystem] [restartedMain] com.zaxxer.hikari.HikariDataSource       : HikariPool-7 - Starting...
2024-11-09T22:22:05.972+05:30  INFO 79896 --- [LearningManagementSystem] [restartedMain] com.zaxxer.hikari.pool.HikariPool        : HikariPool-7 - Added connection com.mysql.cj.jdbc.ConnectionImpl@67425a8f
2024-11-09T22:22:05.972+05:30  INFO 79896 --- [LearningManagementSystem] [restartedMain] com.zaxxer.hikari.HikariDataSource       : HikariPool-7 - Start completed.
2024-11-09T22:22:06.123+05:30  INFO 79896 --- [LearningManagementSystem] [restartedMain] j.LocalContainerEntityManagerFactoryBean : Initialized JPA EntityManagerFactory for persistence unit 'default'
2024-11-09T22:22:06.503+05:30  WARN 79896 --- [LearningManagementSystem] [restartedMain] JpaBaseConfiguration$JpaWebConfiguration : spring.jpa.open-in-view is enabled by default. Therefore, database queries may be performed during view rendering. Explicitly configure spring.jpa.open-in-view to disable this warning
2024-11-09T22:22:07.416+05:30  INFO 79896 --- [LearningManagementSystem] [restartedMain] o.s.b.d.a.OptionalLiveReloadServer       : LiveReload server is running on port 35729
2024-11-09T22:22:07.440+05:30  INFO 79896 --- [LearningManagementSystem] [restartedMain] o.s.b.a.e.web.EndpointLinksResolver      : Exposing 1 endpoint beneath base path '/actuator'
2024-11-09T22:22:07.504+05:30  INFO 79896 --- [LearningManagementSystem] [restartedMain] o.s.b.w.embedded.tomcat.TomcatWebServer  : Tomcat started on port 8080 (http) with context path '/'
2024-11-09T22:22:07.515+05:30  INFO 79896 --- [LearningManagementSystem] [restartedMain] com.incture.lms.LmsApplication           : Started LmsApplication in 3.521 seconds (process running for 5909.222)
2024-11-09T22:22:07.525+05:30  INFO 79896 --- [LearningManagementSystem] [restartedMain] .ConditionEvaluationDeltaLoggingListener : Condition evaluation delta:


==========================
CONDITION EVALUATION DELTA
==========================


Positive matches:
-----------------

   LogFileWebEndpointAutoConfiguration#logFileWebEndpoint matched:
      - Log File found logging.file.name logs/application.log (LogFileWebEndpointAutoConfiguration.LogFileCondition)
      - @ConditionalOnMissingBean (types: org.springframework.boot.actuate.logging.LogFileWebEndpoint; SearchStrategy: all) did not find any beans (OnBeanCondition)


Negative matches:
-----------------

    None


Exclusions:
-----------

    None


Unconditional classes:
----------------------

    None



2024-11-09T22:23:06.730+05:30  INFO 79896 --- [LearningManagementSystem] [File Watcher] rtingClassPathChangeChangedEventListener : Restarting due to 35 class path changes (0 additions, 0 deletions, 35 modifications)
2024-11-09T22:23:06.761+05:30  INFO 79896 --- [LearningManagementSystem] [Thread-27] j.LocalContainerEntityManagerFactoryBean : Closing JPA EntityManagerFactory for persistence unit 'default'
2024-11-09T22:23:06.763+05:30  INFO 79896 --- [LearningManagementSystem] [Thread-27] com.zaxxer.hikari.HikariDataSource       : HikariPool-7 - Shutdown initiated...
2024-11-09T22:23:06.775+05:30  INFO 79896 --- [LearningManagementSystem] [Thread-27] com.zaxxer.hikari.HikariDataSource       : HikariPool-7 - Shutdown completed.
2024-11-09T22:23:07.011+05:30  INFO 79896 --- [LearningManagementSystem] [restartedMain] com.incture.lms.LmsApplication           : Starting LmsApplication using Java 22.0.1 with PID 79896 (C:\Users\KIIT\eclipse-workspace-ee\LearningManagementSystem\target\classes started by KIIT in C:\Users\KIIT\eclipse-workspace-ee\LearningManagementSystem)
2024-11-09T22:23:07.012+05:30 DEBUG 79896 --- [LearningManagementSystem] [restartedMain] com.incture.lms.LmsApplication           : Running with Spring Boot v3.3.5, Spring v6.1.14
2024-11-09T22:23:07.012+05:30  INFO 79896 --- [LearningManagementSystem] [restartedMain] com.incture.lms.LmsApplication           : No active profile set, falling back to 1 default profile: "default"
2024-11-09T22:23:07.904+05:30  INFO 79896 --- [LearningManagementSystem] [restartedMain] .s.d.r.c.RepositoryConfigurationDelegate : Bootstrapping Spring Data JPA repositories in DEFAULT mode.
2024-11-09T22:23:07.931+05:30  INFO 79896 --- [LearningManagementSystem] [restartedMain] .s.d.r.c.RepositoryConfigurationDelegate : Finished Spring Data repository scanning in 26 ms. Found 5 JPA repository interfaces.
2024-11-09T22:23:08.363+05:30  INFO 79896 --- [LearningManagementSystem] [restartedMain] o.s.b.w.embedded.tomcat.TomcatWebServer  : Tomcat initialized with port 8080 (http)
2024-11-09T22:23:08.364+05:30  INFO 79896 --- [LearningManagementSystem] [restartedMain] o.apache.catalina.core.StandardService   : Starting service [Tomcat]
2024-11-09T22:23:08.364+05:30  INFO 79896 --- [LearningManagementSystem] [restartedMain] o.apache.catalina.core.StandardEngine    : Starting Servlet engine: [Apache Tomcat/10.1.31]
2024-11-09T22:23:08.410+05:30  INFO 79896 --- [LearningManagementSystem] [restartedMain] o.a.c.c.C.[Tomcat].[localhost].[/]       : Initializing Spring embedded WebApplicationContext
2024-11-09T22:23:08.411+05:30  INFO 79896 --- [LearningManagementSystem] [restartedMain] w.s.c.ServletWebServerApplicationContext : Root WebApplicationContext: initialization completed in 1394 ms
2024-11-09T22:23:09.061+05:30  INFO 79896 --- [LearningManagementSystem] [restartedMain] o.s.o.j.p.SpringPersistenceUnitInfo      : No LoadTimeWeaver setup: ignoring JPA class transformer
2024-11-09T22:23:09.063+05:30  INFO 79896 --- [LearningManagementSystem] [restartedMain] com.zaxxer.hikari.HikariDataSource       : HikariPool-8 - Starting...
2024-11-09T22:23:09.094+05:30  INFO 79896 --- [LearningManagementSystem] [restartedMain] com.zaxxer.hikari.pool.HikariPool        : HikariPool-8 - Added connection com.mysql.cj.jdbc.ConnectionImpl@7bc3431a
2024-11-09T22:23:09.094+05:30  INFO 79896 --- [LearningManagementSystem] [restartedMain] com.zaxxer.hikari.HikariDataSource       : HikariPool-8 - Start completed.
2024-11-09T22:23:09.308+05:30  INFO 79896 --- [LearningManagementSystem] [restartedMain] j.LocalContainerEntityManagerFactoryBean : Initialized JPA EntityManagerFactory for persistence unit 'default'
2024-11-09T22:23:09.835+05:30  WARN 79896 --- [LearningManagementSystem] [restartedMain] JpaBaseConfiguration$JpaWebConfiguration : spring.jpa.open-in-view is enabled by default. Therefore, database queries may be performed during view rendering. Explicitly configure spring.jpa.open-in-view to disable this warning
2024-11-09T22:23:10.825+05:30  INFO 79896 --- [LearningManagementSystem] [restartedMain] o.s.b.d.a.OptionalLiveReloadServer       : LiveReload server is running on port 35729
2024-11-09T22:23:10.836+05:30  INFO 79896 --- [LearningManagementSystem] [restartedMain] o.s.b.a.e.web.EndpointLinksResolver      : Exposing 1 endpoint beneath base path '/actuator'
2024-11-09T22:23:10.915+05:30  INFO 79896 --- [LearningManagementSystem] [restartedMain] o.s.b.w.embedded.tomcat.TomcatWebServer  : Tomcat started on port 8080 (http) with context path '/'
2024-11-09T22:23:10.936+05:30  INFO 79896 --- [LearningManagementSystem] [restartedMain] com.incture.lms.LmsApplication           : Started LmsApplication in 4.013 seconds (process running for 5972.641)
2024-11-09T22:23:10.943+05:30  INFO 79896 --- [LearningManagementSystem] [restartedMain] .ConditionEvaluationDeltaLoggingListener : Condition evaluation unchanged
2024-11-09T22:26:12.330+05:30  INFO 88820 --- [LearningManagementSystem] [restartedMain] com.incture.lms.LmsApplication           : Starting LmsApplication using Java 22.0.1 with PID 88820 (C:\Users\KIIT\eclipse-workspace-ee\LearningManagementSystem\target\classes started by KIIT in C:\Users\KIIT\eclipse-workspace-ee\LearningManagementSystem)
2024-11-09T22:26:12.335+05:30 DEBUG 88820 --- [LearningManagementSystem] [restartedMain] com.incture.lms.LmsApplication           : Running with Spring Boot v3.3.5, Spring v6.1.14
2024-11-09T22:26:12.337+05:30  INFO 88820 --- [LearningManagementSystem] [restartedMain] com.incture.lms.LmsApplication           : No active profile set, falling back to 1 default profile: "default"
2024-11-09T22:26:12.526+05:30  INFO 88820 --- [LearningManagementSystem] [restartedMain] .e.DevToolsPropertyDefaultsPostProcessor : Devtools property defaults active! Set 'spring.devtools.add-properties' to 'false' to disable
2024-11-09T22:26:12.527+05:30  INFO 88820 --- [LearningManagementSystem] [restartedMain] .e.DevToolsPropertyDefaultsPostProcessor : For additional web related logging consider setting the 'logging.level.web' property to 'DEBUG'
2024-11-09T22:26:14.306+05:30  INFO 88820 --- [LearningManagementSystem] [restartedMain] .s.d.r.c.RepositoryConfigurationDelegate : Bootstrapping Spring Data JPA repositories in DEFAULT mode.
2024-11-09T22:26:14.420+05:30  INFO 88820 --- [LearningManagementSystem] [restartedMain] .s.d.r.c.RepositoryConfigurationDelegate : Finished Spring Data repository scanning in 99 ms. Found 5 JPA repository interfaces.
2024-11-09T22:26:15.552+05:30  INFO 88820 --- [LearningManagementSystem] [restartedMain] o.s.b.w.embedded.tomcat.TomcatWebServer  : Tomcat initialized with port 8080 (http)
2024-11-09T22:26:15.589+05:30  INFO 88820 --- [LearningManagementSystem] [restartedMain] o.apache.catalina.core.StandardService   : Starting service [Tomcat]
2024-11-09T22:26:15.589+05:30  INFO 88820 --- [LearningManagementSystem] [restartedMain] o.apache.catalina.core.StandardEngine    : Starting Servlet engine: [Apache Tomcat/10.1.31]
2024-11-09T22:26:15.743+05:30  INFO 88820 --- [LearningManagementSystem] [restartedMain] o.a.c.c.C.[Tomcat].[localhost].[/]       : Initializing Spring embedded WebApplicationContext
2024-11-09T22:26:15.743+05:30  INFO 88820 --- [LearningManagementSystem] [restartedMain] w.s.c.ServletWebServerApplicationContext : Root WebApplicationContext: initialization completed in 3214 ms
2024-11-09T22:26:17.145+05:30  INFO 88820 --- [LearningManagementSystem] [restartedMain] o.s.o.j.p.SpringPersistenceUnitInfo      : No LoadTimeWeaver setup: ignoring JPA class transformer
2024-11-09T22:26:17.187+05:30  INFO 88820 --- [LearningManagementSystem] [restartedMain] com.zaxxer.hikari.HikariDataSource       : HikariPool-1 - Starting...
2024-11-09T22:26:17.717+05:30  INFO 88820 --- [LearningManagementSystem] [restartedMain] com.zaxxer.hikari.pool.HikariPool        : HikariPool-1 - Added connection com.mysql.cj.jdbc.ConnectionImpl@3eb1f466
2024-11-09T22:26:17.720+05:30  INFO 88820 --- [LearningManagementSystem] [restartedMain] com.zaxxer.hikari.HikariDataSource       : HikariPool-1 - Start completed.
2024-11-09T22:26:19.276+05:30  INFO 88820 --- [LearningManagementSystem] [restartedMain] j.LocalContainerEntityManagerFactoryBean : Initialized JPA EntityManagerFactory for persistence unit 'default'
2024-11-09T22:26:20.273+05:30  WARN 88820 --- [LearningManagementSystem] [restartedMain] JpaBaseConfiguration$JpaWebConfiguration : spring.jpa.open-in-view is enabled by default. Therefore, database queries may be performed during view rendering. Explicitly configure spring.jpa.open-in-view to disable this warning
2024-11-09T22:26:21.523+05:30  INFO 88820 --- [LearningManagementSystem] [restartedMain] o.s.b.d.a.OptionalLiveReloadServer       : LiveReload server is running on port 35729
2024-11-09T22:26:21.539+05:30  INFO 88820 --- [LearningManagementSystem] [restartedMain] o.s.b.a.e.web.EndpointLinksResolver      : Exposing 1 endpoint beneath base path '/actuator'
2024-11-09T22:26:21.676+05:30  INFO 88820 --- [LearningManagementSystem] [restartedMain] o.s.b.w.embedded.tomcat.TomcatWebServer  : Tomcat started on port 8080 (http) with context path '/'
2024-11-09T22:26:21.699+05:30  INFO 88820 --- [LearningManagementSystem] [restartedMain] com.incture.lms.LmsApplication           : Started LmsApplication in 9.968 seconds (process running for 11.201)
2024-11-09T22:26:22.263+05:30  INFO 88820 --- [LearningManagementSystem] [RMI TCP Connection(4)-127.0.0.1] o.a.c.c.C.[Tomcat].[localhost].[/]       : Initializing Spring DispatcherServlet 'dispatcherServlet'
2024-11-09T22:26:22.264+05:30  INFO 88820 --- [LearningManagementSystem] [RMI TCP Connection(4)-127.0.0.1] o.s.web.servlet.DispatcherServlet        : Initializing Servlet 'dispatcherServlet'
2024-11-09T22:26:22.268+05:30  INFO 88820 --- [LearningManagementSystem] [RMI TCP Connection(4)-127.0.0.1] o.s.web.servlet.DispatcherServlet        : Completed initialization in 4 ms
2024-11-09T22:26:34.774+05:30  INFO 88820 --- [LearningManagementSystem] [http-nio-8080-exec-1] c.i.l.controllers.AssignmentController   : Request to get assignment with ID: 2
2024-11-09T22:26:34.775+05:30  INFO 88820 --- [LearningManagementSystem] [http-nio-8080-exec-1] c.i.lms.services.AssignmentService       : Fetching assignment with ID: 2
2024-11-09T22:30:32.585+05:30  INFO 88820 --- [LearningManagementSystem] [File Watcher] rtingClassPathChangeChangedEventListener : Restarting due to 1 class path change (0 additions, 0 deletions, 1 modification)
2024-11-09T22:30:32.678+05:30  INFO 88820 --- [LearningManagementSystem] [Thread-5] j.LocalContainerEntityManagerFactoryBean : Closing JPA EntityManagerFactory for persistence unit 'default'
2024-11-09T22:30:32.707+05:30  INFO 88820 --- [LearningManagementSystem] [Thread-5] com.zaxxer.hikari.HikariDataSource       : HikariPool-1 - Shutdown initiated...
2024-11-09T22:30:32.819+05:30  INFO 88820 --- [LearningManagementSystem] [Thread-5] com.zaxxer.hikari.HikariDataSource       : HikariPool-1 - Shutdown completed.
