2024-11-09T22:30:33.496+05:30  INFO 88820 --- [LearningManagementSystem] [restartedMain] com.incture.lms.LmsApplication           : Starting LmsApplication using Java 22.0.1 with PID 88820 (C:\Users\KIIT\eclipse-workspace-ee\LearningManagementSystem\target\classes started by KIIT in C:\Users\KIIT\eclipse-workspace-ee\LearningManagementSystem)
2024-11-09T22:30:33.507+05:30 DEBUG 88820 --- [LearningManagementSystem] [restartedMain] com.incture.lms.LmsApplication           : Running with Spring Boot v3.3.5, Spring v6.1.14
2024-11-09T22:30:33.512+05:30  INFO 88820 --- [LearningManagementSystem] [restartedMain] com.incture.lms.LmsApplication           : No active profile set, falling back to 1 default profile: "default"
2024-11-09T22:30:35.416+05:30  INFO 88820 --- [LearningManagementSystem] [restartedMain] .s.d.r.c.RepositoryConfigurationDelegate : Bootstrapping Spring Data JPA repositories in DEFAULT mode.
2024-11-09T22:30:35.484+05:30  INFO 88820 --- [LearningManagementSystem] [restartedMain] .s.d.r.c.RepositoryConfigurationDelegate : Finished Spring Data repository scanning in 67 ms. Found 5 JPA repository interfaces.
2024-11-09T22:30:36.182+05:30  INFO 88820 --- [LearningManagementSystem] [restartedMain] o.s.b.w.embedded.tomcat.TomcatWebServer  : Tomcat initialized with port 8080 (http)
2024-11-09T22:30:36.186+05:30  INFO 88820 --- [LearningManagementSystem] [restartedMain] o.apache.catalina.core.StandardService   : Starting service [Tomcat]
2024-11-09T22:30:36.188+05:30  INFO 88820 --- [LearningManagementSystem] [restartedMain] o.apache.catalina.core.StandardEngine    : Starting Servlet engine: [Apache Tomcat/10.1.31]
2024-11-09T22:30:36.259+05:30  INFO 88820 --- [LearningManagementSystem] [restartedMain] o.a.c.c.C.[Tomcat].[localhost].[/]       : Initializing Spring embedded WebApplicationContext
2024-11-09T22:30:36.259+05:30  INFO 88820 --- [LearningManagementSystem] [restartedMain] w.s.c.ServletWebServerApplicationContext : Root WebApplicationContext: initialization completed in 2730 ms
2024-11-09T22:30:36.961+05:30  INFO 88820 --- [LearningManagementSystem] [restartedMain] o.s.o.j.p.SpringPersistenceUnitInfo      : No LoadTimeWeaver setup: ignoring JPA class transformer
2024-11-09T22:30:36.967+05:30  INFO 88820 --- [LearningManagementSystem] [restartedMain] com.zaxxer.hikari.HikariDataSource       : HikariPool-2 - Starting...
2024-11-09T22:30:37.038+05:30  INFO 88820 --- [LearningManagementSystem] [restartedMain] com.zaxxer.hikari.pool.HikariPool        : HikariPool-2 - Added connection com.mysql.cj.jdbc.ConnectionImpl@7bdd7e79
2024-11-09T22:30:37.039+05:30  INFO 88820 --- [LearningManagementSystem] [restartedMain] com.zaxxer.hikari.HikariDataSource       : HikariPool-2 - Start completed.
2024-11-09T22:30:38.181+05:30  INFO 88820 --- [LearningManagementSystem] [restartedMain] j.LocalContainerEntityManagerFactoryBean : Initialized JPA EntityManagerFactory for persistence unit 'default'
2024-11-09T22:30:39.544+05:30  WARN 88820 --- [LearningManagementSystem] [restartedMain] JpaBaseConfiguration$JpaWebConfiguration : spring.jpa.open-in-view is enabled by default. Therefore, database queries may be performed during view rendering. Explicitly configure spring.jpa.open-in-view to disable this warning
2024-11-09T22:30:41.525+05:30  INFO 88820 --- [LearningManagementSystem] [restartedMain] o.s.b.d.a.OptionalLiveReloadServer       : LiveReload server is running on port 35729
2024-11-09T22:30:41.547+05:30  INFO 88820 --- [LearningManagementSystem] [restartedMain] o.s.b.a.e.web.EndpointLinksResolver      : Exposing 1 endpoint beneath base path '/actuator'
2024-11-09T22:30:41.741+05:30  INFO 88820 --- [LearningManagementSystem] [restartedMain] o.s.b.w.embedded.tomcat.TomcatWebServer  : Tomcat started on port 8080 (http) with context path '/'
2024-11-09T22:30:41.767+05:30  INFO 88820 --- [LearningManagementSystem] [restartedMain] com.incture.lms.LmsApplication           : Started LmsApplication in 8.67 seconds (process running for 271.263)
2024-11-09T22:30:41.775+05:30  INFO 88820 --- [LearningManagementSystem] [restartedMain] .ConditionEvaluationDeltaLoggingListener : Condition evaluation unchanged
2024-11-09T22:31:02.147+05:30  INFO 88820 --- [LearningManagementSystem] [File Watcher] rtingClassPathChangeChangedEventListener : Restarting due to 1 class path change (0 additions, 0 deletions, 1 modification)
2024-11-09T22:31:02.154+05:30  INFO 88820 --- [LearningManagementSystem] [Thread-7] j.LocalContainerEntityManagerFactoryBean : Closing JPA EntityManagerFactory for persistence unit 'default'
2024-11-09T22:31:02.156+05:30  INFO 88820 --- [LearningManagementSystem] [Thread-7] com.zaxxer.hikari.HikariDataSource       : HikariPool-2 - Shutdown initiated...
2024-11-09T22:31:02.164+05:30  INFO 88820 --- [LearningManagementSystem] [Thread-7] com.zaxxer.hikari.HikariDataSource       : HikariPool-2 - Shutdown completed.
2024-11-09T22:31:02.319+05:30  INFO 88820 --- [LearningManagementSystem] [restartedMain] com.incture.lms.LmsApplication           : Starting LmsApplication using Java 22.0.1 with PID 88820 (C:\Users\KIIT\eclipse-workspace-ee\LearningManagementSystem\target\classes started by KIIT in C:\Users\KIIT\eclipse-workspace-ee\LearningManagementSystem)
2024-11-09T22:31:02.320+05:30 DEBUG 88820 --- [LearningManagementSystem] [restartedMain] com.incture.lms.LmsApplication           : Running with Spring Boot v3.3.5, Spring v6.1.14
2024-11-09T22:31:02.320+05:30  INFO 88820 --- [LearningManagementSystem] [restartedMain] com.incture.lms.LmsApplication           : No active profile set, falling back to 1 default profile: "default"
2024-11-09T22:31:02.935+05:30  INFO 88820 --- [LearningManagementSystem] [restartedMain] .s.d.r.c.RepositoryConfigurationDelegate : Bootstrapping Spring Data JPA repositories in DEFAULT mode.
2024-11-09T22:31:02.954+05:30  INFO 88820 --- [LearningManagementSystem] [restartedMain] .s.d.r.c.RepositoryConfigurationDelegate : Finished Spring Data repository scanning in 18 ms. Found 5 JPA repository interfaces.
2024-11-09T22:31:03.229+05:30  INFO 88820 --- [LearningManagementSystem] [restartedMain] o.s.b.w.embedded.tomcat.TomcatWebServer  : Tomcat initialized with port 8080 (http)
2024-11-09T22:31:03.230+05:30  INFO 88820 --- [LearningManagementSystem] [restartedMain] o.apache.catalina.core.StandardService   : Starting service [Tomcat]
2024-11-09T22:31:03.231+05:30  INFO 88820 --- [LearningManagementSystem] [restartedMain] o.apache.catalina.core.StandardEngine    : Starting Servlet engine: [Apache Tomcat/10.1.31]
2024-11-09T22:31:03.262+05:30  INFO 88820 --- [LearningManagementSystem] [restartedMain] o.a.c.c.C.[Tomcat].[localhost].[/]       : Initializing Spring embedded WebApplicationContext
2024-11-09T22:31:03.262+05:30  INFO 88820 --- [LearningManagementSystem] [restartedMain] w.s.c.ServletWebServerApplicationContext : Root WebApplicationContext: initialization completed in 939 ms
2024-11-09T22:31:03.496+05:30  INFO 88820 --- [LearningManagementSystem] [restartedMain] o.s.o.j.p.SpringPersistenceUnitInfo      : No LoadTimeWeaver setup: ignoring JPA class transformer
2024-11-09T22:31:03.499+05:30  INFO 88820 --- [LearningManagementSystem] [restartedMain] com.zaxxer.hikari.HikariDataSource       : HikariPool-3 - Starting...
2024-11-09T22:31:03.520+05:30  INFO 88820 --- [LearningManagementSystem] [restartedMain] com.zaxxer.hikari.pool.HikariPool        : HikariPool-3 - Added connection com.mysql.cj.jdbc.ConnectionImpl@19912537
2024-11-09T22:31:03.520+05:30  INFO 88820 --- [LearningManagementSystem] [restartedMain] com.zaxxer.hikari.HikariDataSource       : HikariPool-3 - Start completed.
2024-11-09T22:31:03.632+05:30  INFO 88820 --- [LearningManagementSystem] [restartedMain] j.LocalContainerEntityManagerFactoryBean : Initialized JPA EntityManagerFactory for persistence unit 'default'
2024-11-09T22:31:04.024+05:30  WARN 88820 --- [LearningManagementSystem] [restartedMain] JpaBaseConfiguration$JpaWebConfiguration : spring.jpa.open-in-view is enabled by default. Therefore, database queries may be performed during view rendering. Explicitly configure spring.jpa.open-in-view to disable this warning
2024-11-09T22:31:04.594+05:30  INFO 88820 --- [LearningManagementSystem] [restartedMain] o.s.b.d.a.OptionalLiveReloadServer       : LiveReload server is running on port 35729
2024-11-09T22:31:04.603+05:30  INFO 88820 --- [LearningManagementSystem] [restartedMain] o.s.b.a.e.web.EndpointLinksResolver      : Exposing 1 endpoint beneath base path '/actuator'
2024-11-09T22:31:04.655+05:30  INFO 88820 --- [LearningManagementSystem] [restartedMain] o.s.b.w.embedded.tomcat.TomcatWebServer  : Tomcat started on port 8080 (http) with context path '/'
2024-11-09T22:31:04.665+05:30  INFO 88820 --- [LearningManagementSystem] [restartedMain] com.incture.lms.LmsApplication           : Started LmsApplication in 2.393 seconds (process running for 294.16)
2024-11-09T22:31:04.668+05:30  INFO 88820 --- [LearningManagementSystem] [restartedMain] .ConditionEvaluationDeltaLoggingListener : Condition evaluation unchanged
2024-11-09T22:32:34.927+05:30  INFO 88820 --- [LearningManagementSystem] [http-nio-8080-exec-2] o.a.c.c.C.[Tomcat].[localhost].[/]       : Initializing Spring DispatcherServlet 'dispatcherServlet'
2024-11-09T22:32:34.928+05:30  INFO 88820 --- [LearningManagementSystem] [http-nio-8080-exec-2] o.s.web.servlet.DispatcherServlet        : Initializing Servlet 'dispatcherServlet'
2024-11-09T22:32:34.932+05:30  INFO 88820 --- [LearningManagementSystem] [http-nio-8080-exec-2] o.s.web.servlet.DispatcherServlet        : Completed initialization in 4 ms
2024-11-09T22:32:35.079+05:30  INFO 88820 --- [LearningManagementSystem] [http-nio-8080-exec-2] c.i.lms.controllers.GradeController      : Request to create grade for student ID: null, assignment ID: null, score: 88
2024-11-09T22:32:35.116+05:30  WARN 88820 --- [LearningManagementSystem] [http-nio-8080-exec-2] .m.m.a.ExceptionHandlerExceptionResolver : Resolved [org.springframework.dao.InvalidDataAccessApiUsageException: The given id must not be null]
2024-11-09T22:38:52.108+05:30  INFO 88820 --- [LearningManagementSystem] [http-nio-8080-exec-5] c.i.lms.controllers.GradeController      : Request to create grade for student ID: 6, assignment ID: 2, score: 88
2024-11-09T22:38:52.149+05:30  INFO 88820 --- [LearningManagementSystem] [http-nio-8080-exec-5] com.incture.lms.services.GradeService    : Saving new grade for student ID: 6, assignment ID: 2, score: 88
2024-11-09T22:49:44.062+05:30  INFO 88820 --- [LearningManagementSystem] [http-nio-8080-exec-7] c.i.lms.controllers.GradeController      : Request to create grade for student ID: 6, assignment ID: 2, score: 88
2024-11-09T22:49:44.081+05:30  INFO 88820 --- [LearningManagementSystem] [http-nio-8080-exec-7] com.incture.lms.services.GradeService    : Saving new grade for student ID: 6, assignment ID: 2, score: 88
